<?xml version="1.0" encoding="UTF-8"?>
<testsuite xmlns:xsi="http://www.w3.org/2001/XMLSchema-instance" xsi:noNamespaceSchemaLocation="https://maven.apache.org/surefire/maven-surefire-plugin/xsd/surefire-test-report-3.0.xsd" version="3.0" name="com.hrms.runners.TestRunner" time="38.177" tests="1" errors="0" skipped="0" failures="0">
  <properties>
[...]
</properties>
  <testcase name="As an admin I should be able to change employee�s contact details." classname="Change employee contact details" time="37.803">
    <system-out><![CDATA[
@contactDetails
Scenario: As an admin I should be able to change employee?s contact details. # src/test/resources/features/EmployeeList.feature:8
http://18.232.148.34/humanresources
  When login with valid credentials                                          # com.hrms.stepDefinitions.LoginStepDefinitions.login_with_valid_credentials()
  Then navigate to employee list page                                        # com.hrms.stepDefinitions.SearchEmployeeStepDefinition.navigate_to_employee_list_page()
  And search employee by name "Ummar" and click search                       # com.hrms.stepDefinitions.EmployeeListStepDefinitions.search_employee_by_name_and_click_search(java.lang.String)
  Then click employee name                                                   # com.hrms.stepDefinitions.EmployeeListStepDefinitions.click_employee_name()
  Then click on contact details and change employee contact details and save # com.hrms.stepDefinitions.EmployeeListStepDefinitions.click_on_contact_details_and_change_employee_contact_details_and_save(io.cucumber.datatable.DataTable)

    Embedding As an admin I should be able to change employee?s contact details. [image/png 139629 bytes]

]]></system-out>
    <system-err><![CDATA[Oct 31, 2020 1:51:17 PM io.cucumber.junit.Cucumber <init>
WARNING: By default Cucumber is running in --non-strict mode.
This default will change to --strict and --non-strict will be removed.
You can use --strict or @CucumberOptions(strict = true) to suppress this warning
SLF4J: Failed to load class "org.slf4j.impl.StaticLoggerBinder".
SLF4J: Defaulting to no-operation (NOP) logger implementation
SLF4J: See http://www.slf4j.org/codes.html#StaticLoggerBinder for further details.
Starting ChromeDriver 86.0.4240.22 (398b0743353ff36fb1b82468f63a3a93b4e2e89e-refs/branch-heads/4240@{#378}) on port 18185
Only local connections are allowed.
Please see https://chromedriver.chromium.org/security-considerations for suggestions on keeping ChromeDriver safe.
ChromeDriver was started successfully.
Oct 31, 2020 1:51:27 PM org.openqa.selenium.remote.ProtocolHandshake createSession
INFO: Detected dialect: W3C
]]></system-err>
  </testcase>
</testsuite>